mirroring completed successfully @ Fri Mar 26 00:35:48 CST 1993
mirroring completed successfully @ Fri Mar 26 00:39:49 CST 1993
mirroring completed successfully @ Fri Mar 26 00:41:43 CST 1993
mirroring completed successfully @ Tue Mar 30 23:55:29 CST 1993
mirroring completed successfully @ Thu Apr  8 23:31:55 CDT 1993
mirroring completed successfully @ Thu Apr  8 23:52:26 CDT 1993
mirroring completed successfully @ Wed Apr 14 21:22:12 CDT 1993
mirroring completed successfully @ Wed Apr 14 22:17:08 CDT 1993
mirroring completed successfully @ Wed Apr 28 00:48:20 CDT 1993
mirroring completed successfully @ Wed Apr 28 00:54:31 CDT 1993
mirroring completed successfully @ Wed Apr 28 15:29:30 CDT 1993
mirroring completed successfully @ Fri May  7 08:32:07 CDT 1993
mirroring completed successfully @ Mon May 10 08:49:07 CDT 1993
mirroring completed successfully @ Thu May 20 08:40:31 CDT 1993
Got .message (52 bytes)
mirroring completed successfully @ Tue May 25 23:07:27 CDT 1993
mirroring completed successfully @ Mon Jun 14 16:58:36 CDT 1993
mirroring completed successfully @ Mon Jul 12 02:25:11 CDT 1993
Created dir gophtech/v1.6/
Got gophtech/v1.6/stats (936 bytes)
Got gophtech/v1.6/gw.h (1132 bytes)
Got gophtech/v1.6/README (2173 bytes)
Got gophtech/v1.6/gophtech.c (28090 bytes)
Got gophtech/v1.6/MAINT (3139 bytes)
Got gophtech/v1.6/INSTALL (3314 bytes)
Created dir gophtech/v1.5/
mirroring Techinfogw (ftp.upenn.edu:/pub/penninfo/gopher-gateways) completed successfully @ Fri Sep 24 12:03:15 CDT 1993
mirroring Techinfogw (ftp.upenn.edu:/pub/penninfo/gopher-gateways) completed successfully @ Mon Nov 29 10:29:04 CST 1993
mirroring Techinfogw (ftp.upenn.edu:/pub/penninfo/gopher-gateways) completed successfully @ Thu Jan 20 21:19:20 CST 1994
mirroring Techinfogw (ftp.upenn.edu:/pub/penninfo/gopher-gateways) completed successfully @ Thu May  5 21:35:25 CDT 1994
mirroring Techinfogw (ftp.upenn.edu:/pub/penninfo/gopher-gateways) completed successfully @ Sun Jul 24 22:46:22 CDT 1994
mirroring Techinfogw (ftp.upenn.edu:/pub/penninfo/gopher-gateways) completed successfully @ Tue Aug 23 19:08:33 CDT 1994
mirroring Techinfogw (ftp.upenn.edu:/pub/penninfo/gopher-gateways) completed successfully @ Tue Nov 29 19:20:30 CST 1994
