mirroring gn (ftp.acns.nwu.edu:/pub/gn) completed successfully @ Fri Sep 24 16:13:47 CDT 1993
Got README 4719
Got README~ 4720
Got gn-1.0beta.tar.Z 83747
Got gn-0.6f.tar.Z 122087
mirroring gn (ftp.acns.nwu.edu:/pub/gn) completed successfully @ Mon Nov 29 10:15:16 CST 1993
Got gn-1.13.tar.Z 158522
Got README 3802
mirroring gn (ftp.acns.nwu.edu:/pub/gn) completed successfully @ Thu Jan 20 21:13:13 CST 1994
Got gn-1.19.tar.gz 107659
mirroring gn (ftp.acns.nwu.edu:/pub/gn) completed successfully @ Thu May  5 21:09:15 CDT 1994
Got gn-2.07.tar.gz 147197
mirroring gn (ftp.acns.nwu.edu:/pub/gn) completed successfully @ Sun Jul 24 22:40:05 CDT 1994
Got gn-2.12.tar.gz 147424
mirroring gn (ftp.acns.nwu.edu:/pub/gn) completed successfully @ Tue Aug 23 19:01:12 CDT 1994
mirroring gn (ftp.acns.nwu.edu:/pub/gn) completed successfully @ Tue Nov 29 19:09:38 CST 1994
Got gn-2.18.tar.gz 153906
symlink gn-2.18.tar.gz to gn.tar.gz
mirroring gn (ftp.acns.nwu.edu:/pub/gn) completed successfully @ Tue Feb 27 22:37:28 CST 1996
Got gn-2.24.tar.gz 152028
Got gn.tar.gz 152028
