mirroring completed successfully @ Fri Mar 26 00:42:19 CST 1993
Got jughead.tar.Z (39714 bytes)
Got ReadMe (3220 bytes)
mirroring completed successfully @ Tue Mar 30 23:56:52 CST 1993
Got jughead.0.3.1_beta.tar.Z (41319 bytes)
Got ReadMe (4090 bytes)
mirroring completed successfully @ Thu Apr  8 23:33:31 CDT 1993
Got ReadMe (4634 bytes)
Got jughead.0.4_beta.tar.Z (50780 bytes)
mirroring completed successfully @ Thu Apr  8 23:53:26 CDT 1993
mirroring completed successfully @ Wed Apr 14 21:23:00 CDT 1993
Got jughead.0.5_beta.tar.Z (53694 bytes)
Got ReadMe (6214 bytes)
mirroring completed successfully @ Wed Apr 14 22:18:39 CDT 1993
mirroring completed successfully @ Wed Apr 28 00:49:01 CDT 1993
mirroring completed successfully @ Wed Apr 28 00:54:58 CDT 1993
mirroring completed successfully @ Wed Apr 28 15:30:05 CDT 1993
mirroring completed successfully @ Fri May  7 08:33:14 CDT 1993
Got jughead.0.6_beta.tar.Z (58033 bytes)
Got jughead.ReadMe (8113 bytes)
mirroring completed successfully @ Mon May 10 08:50:08 CDT 1993
Got jughead.0.7.tar.Z (58021 bytes)
Got jughead.ReadMe (8229 bytes)
mirroring completed successfully @ Thu May 20 08:41:05 CDT 1993
Got jughead.0.8.tar.Z (62417 bytes)
Got jughead.ReadMe (10599 bytes)
mirroring completed successfully @ Tue May 25 23:08:18 CDT 1993
Got jughead.0.9.tar.Z (70469 bytes)
Got jughead.ReadMe (13714 bytes)
mirroring completed successfully @ Mon Jun 14 17:01:01 CDT 1993
mirroring completed successfully @ Mon Jul 12 02:26:18 CDT 1993
mirroring Jughead (ftp.cc.utah.edu:/pub/gopher/GopherTools/jughead) completed successfully @ Fri Sep 24 12:05:13 CDT 1993
mirroring Jughead (ftp.cc.utah.edu:/pub/gopher/GopherTools/jughead) completed successfully @ Thu Jan 20 21:19:42 CST 1994
mirroring Jughead (ftp.cc.utah.edu:/pub/gopher/GopherTools/jughead) completed successfully @ Thu May  5 21:36:30 CDT 1994
Got ISO-8859-1.NOTES as ISO-8859-1.NOTES.Z 3929
Got jughead.0.9.5.tar.Z 78967
Got jughead.ReadMe 18090
mirroring Jughead (ftp.cc.utah.edu:/pub/gopher/GopherTools/jughead) completed successfully @ Sun Jul 24 22:49:06 CDT 1994
Got jughead.1.0.2.tar.Z 121729
Got jughead.ReadMe 12247
mirroring Jughead (ftp.cc.utah.edu:/pub/gopher/GopherTools/jughead) completed successfully @ Tue Aug 23 19:09:21 CDT 1994
Got jughead.1.0.3.tar.Z 132161
Got jughead.ReadMe 12497
mirroring Jughead (ftp.cc.utah.edu:/pub/gopher/GopherTools/jughead) completed successfully @ Tue Nov 29 19:22:05 CST 1994
Got jughead.ReadMe 13200
Got jughead.1.0.4.tar.Z 166965
mirroring Jughead (ftp.cc.utah.edu:/pub/gopher/GopherTools/jughead) completed successfully @ Tue Feb 27 22:45:54 CST 1996
