mirroring completed successfully @ Tue Mar 30 23:58:14 CST 1993
Got .cache (54 bytes)
Created dir v0.5beta/
Got v0.5beta/.cache (689 bytes)
Got v0.5beta/xvgopher.sun4 (1343488 bytes)
Got v0.5beta/README (362 bytes)
Got v0.5beta/xvgopher-hierarchy.gif (9297 bytes)
Got v0.5beta/xvgopher.shar.03 (54620 bytes)
Got v0.5beta/xvgopher.shar.04 (40867 bytes)
Got v0.5beta/xvgopher.shar.02 (50311 bytes)
Got v0.5beta/xvgopher.shar.01 (55068 bytes)
Got v0.5beta/xvgopher.tar.z (35893 bytes)
Got v0.5beta/xvgopher.tar.Z (61133 bytes)
mirroring completed successfully @ Thu Apr  8 23:54:34 CDT 1993
Got v0.5beta/xvgopher.sun3.Z (726951 bytes)
Got v0.5beta/xvgopher.sun4.Z (804011 bytes)
Got v0.5beta/.cap/xvgopher.sun3.Z (28 bytes)
Got v0.5beta/.cap/xvgopher.sun4.Z (28 bytes)
mirroring completed successfully @ Wed Apr 14 21:23:11 CDT 1993
mirroring completed successfully @ Wed Apr 14 22:18:51 CDT 1993
mirroring completed successfully @ Wed Apr 28 00:49:12 CDT 1993
mirroring completed successfully @ Wed Apr 28 00:55:13 CDT 1993
mirroring completed successfully @ Wed Apr 28 15:30:19 CDT 1993
mirroring completed successfully @ Fri May  7 08:33:33 CDT 1993
mirroring completed successfully @ Mon May 10 08:50:19 CDT 1993
mirroring completed successfully @ Thu May 20 08:41:18 CDT 1993
mirroring completed successfully @ Tue May 25 23:08:29 CDT 1993
mirroring completed successfully @ Mon Jun 14 17:01:27 CDT 1993
mirroring completed successfully @ Mon Jul 12 02:26:30 CDT 1993
mirroring xvgopher (ftp.sdsu.edu:/pub/xvgopher) completed successfully @ Fri Sep 24 12:08:45 CDT 1993
Created dir v1.0prerelease/
Got v1.0prerelease/xvgopher.static.NIS.gz 661035
Got v1.0prerelease/xvgopher.static.resolver.gz 631987
Got v1.0prerelease/README 1005
mirroring xvgopher (ftp.sdsu.edu:/pub/xvgopher) completed successfully @ Mon Nov 29 10:34:11 CST 1993
Got .gofer as .gofer.Z 213
Got v1.0prerelease/.gofer as v1.0prerelease/.gofer.Z 236
Got v0.5beta/.gofer as v0.5beta/.gofer.Z 501
mirroring xvgopher (ftp.sdsu.edu:/pub/xvgopher) completed successfully @ Thu Jan 20 21:19:58 CST 1994
Got .gofer as .gofer.Z 213
Got v1.0prerelease/.gofer as v1.0prerelease/.gofer.Z 236
Got v0.5beta/.gofer as v0.5beta/.gofer.Z 501
mirroring xvgopher (ftp.sdsu.edu:/pub/xvgopher) completed successfully @ Thu May  5 21:36:45 CDT 1994
Got .gofer as .gofer.Z 213
Got v0.5beta/.gofer as v0.5beta/.gofer.Z 501
Got v1.0prerelease/.gofer as v1.0prerelease/.gofer.Z 236
mirroring xvgopher (ftp.sdsu.edu:/pub/xvgopher) completed successfully @ Sun Jul 24 22:49:13 CDT 1994
mirroring xvgopher (ftp.sdsu.edu:/pub/xvgopher) completed successfully @ Tue Aug 23 19:09:38 CDT 1994
mirroring xvgopher (ftp.sdsu.edu:/pub/xvgopher) completed successfully @ Tue Nov 29 19:22:24 CST 1994
